Started GET "/" for ::1 at 2017-01-09 18:09:22 +0100
  
PG::ConnectionBad (could not connect to server: No such file or directory
	Is the server running locally and accepting
	connections on Unix domain socket "/tmp/.s.PGSQL.5432"?
):
  
activerecord (5.0.1) lib/active_record/connection_adapters/postgresql_adapter.rb:671:in `initialize'
activerecord (5.0.1) lib/active_record/connection_adapters/postgresql_adapter.rb:671:in `new'
activerecord (5.0.1) lib/active_record/connection_adapters/postgresql_adapter.rb:671:in `connect'
activerecord (5.0.1) lib/active_record/connection_adapters/postgresql_adapter.rb:217:in `initialize'
activerecord (5.0.1) lib/active_record/connection_adapters/postgresql_adapter.rb:37:in `new'
activerecord (5.0.1) lib/active_record/connection_adapters/postgresql_adapter.rb:37:in `postgresql_connection'
activerecord (5.0.1) lib/active_record/connection_adapters/abstract/connection_pool.rb:729:in `new_connection'
activerecord (5.0.1) lib/active_record/connection_adapters/abstract/connection_pool.rb:773:in `checkout_new_connection'
activerecord (5.0.1) lib/active_record/connection_adapters/abstract/connection_pool.rb:752:in `try_to_checkout_new_connection'
activerecord (5.0.1) lib/active_record/connection_adapters/abstract/connection_pool.rb:713:in `acquire_connection'
activerecord (5.0.1) lib/active_record/connection_adapters/abstract/connection_pool.rb:490:in `checkout'
activerecord (5.0.1) lib/active_record/connection_adapters/abstract/connection_pool.rb:364:in `connection'
activerecord (5.0.1) lib/active_record/connection_adapters/abstract/connection_pool.rb:883:in `retrieve_connection'
activerecord (5.0.1) lib/active_record/connection_handling.rb:128:in `retrieve_connection'
activerecord (5.0.1) lib/active_record/connection_handling.rb:91:in `connection'
activerecord (5.0.1) lib/active_record/migration.rb:559:in `connection'
activerecord (5.0.1) lib/active_record/migration.rb:546:in `call'
actionpack (5.0.1) lib/action_dispatch/middleware/callbacks.rb:38:in `block in call'
activesupport (5.0.1) lib/active_support/callbacks.rb:97:in `__run_callbacks__'
activesupport (5.0.1) lib/active_support/callbacks.rb:750:in `_run_call_callbacks'
activesupport (5.0.1) lib/active_support/callbacks.rb:90:in `run_callbacks'
actionpack (5.0.1) lib/action_dispatch/middleware/callbacks.rb:36:in `call'
actionpack (5.0.1) lib/action_dispatch/middleware/executor.rb:12:in `call'
actionpack (5.0.1) lib/action_dispatch/middleware/remote_ip.rb:79:in `call'
actionpack (5.0.1) lib/action_dispatch/middleware/debug_exceptions.rb:49:in `call'
web-console (3.4.0) lib/web_console/middleware.rb:135:in `call_app'
web-console (3.4.0) lib/web_console/middleware.rb:28:in `block in call'
web-console (3.4.0) lib/web_console/middleware.rb:18:in `catch'
web-console (3.4.0) lib/web_console/middleware.rb:18:in `call'
actionpack (5.0.1) lib/action_dispatch/middleware/show_exceptions.rb:31:in `call'
railties (5.0.1) lib/rails/rack/logger.rb:36:in `call_app'
railties (5.0.1) lib/rails/rack/logger.rb:24:in `block in call'
activesupport (5.0.1) lib/active_support/tagged_logging.rb:69:in `block in tagged'
activesupport (5.0.1) lib/active_support/tagged_logging.rb:26:in `tagged'
activesupport (5.0.1) lib/active_support/tagged_logging.rb:69:in `tagged'
railties (5.0.1) lib/rails/rack/logger.rb:24:in `call'
sprockets-rails (3.2.0) lib/sprockets/rails/quiet_assets.rb:13:in `call'
actionpack (5.0.1) lib/action_dispatch/middleware/request_id.rb:24:in `call'
rack (2.0.1) lib/rack/method_override.rb:22:in `call'
rack (2.0.1) lib/rack/runtime.rb:22:in `call'
activesupport (5.0.1) lib/active_support/cache/strategy/local_cache_middleware.rb:28:in `call'
actionpack (5.0.1) lib/action_dispatch/middleware/executor.rb:12:in `call'
actionpack (5.0.1) lib/action_dispatch/middleware/static.rb:136:in `call'
rack (2.0.1) lib/rack/sendfile.rb:111:in `call'
railties (5.0.1) lib/rails/engine.rb:522:in `call'
puma (3.6.2) lib/puma/configuration.rb:225:in `call'
puma (3.6.2) lib/puma/server.rb:578:in `handle_request'
puma (3.6.2) lib/puma/server.rb:415:in `process_client'
puma (3.6.2) lib/puma/server.rb:275:in `block in run'
puma (3.6.2) lib/puma/thread_pool.rb:116:in `block in spawn_thread'
  Rendering /usr/local/lib/ruby/gems/2.3.0/gems/actionpack-5.0.1/lib/action_dispatch/middleware/templates/rescues/diagnostics.html.erb within rescues/layout
  Rendering /usr/local/lib/ruby/gems/2.3.0/gems/actionpack-5.0.1/lib/action_dispatch/middleware/templates/rescues/_source.html.erb
  Rendered /usr/local/lib/ruby/gems/2.3.0/gems/actionpack-5.0.1/lib/action_dispatch/middleware/templates/rescues/_source.html.erb (2.4ms)
  Rendering /usr/local/lib/ruby/gems/2.3.0/gems/actionpack-5.0.1/lib/action_dispatch/middleware/templates/rescues/_trace.html.erb
  Rendered /usr/local/lib/ruby/gems/2.3.0/gems/actionpack-5.0.1/lib/action_dispatch/middleware/templates/rescues/_trace.html.erb (1.4ms)
  Rendering /usr/local/lib/ruby/gems/2.3.0/gems/actionpack-5.0.1/lib/action_dispatch/middleware/templates/rescues/_request_and_response.html.erb
  Rendered /usr/local/lib/ruby/gems/2.3.0/gems/actionpack-5.0.1/lib/action_dispatch/middleware/templates/rescues/_request_and_response.html.erb (0.7ms)
  Rendered /usr/local/lib/ruby/gems/2.3.0/gems/actionpack-5.0.1/lib/action_dispatch/middleware/templates/rescues/diagnostics.html.erb within rescues/layout (68.4ms)
Started GET "/" for ::1 at 2017-01-09 18:14:20 +0100
  
ActiveRecord::NoDatabaseError (FATAL:  database "To-Do-App_development" does not exist
):
  
activerecord (5.0.1) lib/active_record/connection_adapters/postgresql_adapter.rb:675:in `rescue in connect'
activerecord (5.0.1) lib/active_record/connection_adapters/postgresql_adapter.rb:671:in `connect'
activerecord (5.0.1) lib/active_record/connection_adapters/postgresql_adapter.rb:217:in `initialize'
activerecord (5.0.1) lib/active_record/connection_adapters/postgresql_adapter.rb:37:in `new'
activerecord (5.0.1) lib/active_record/connection_adapters/postgresql_adapter.rb:37:in `postgresql_connection'
activerecord (5.0.1) lib/active_record/connection_adapters/abstract/connection_pool.rb:729:in `new_connection'
activerecord (5.0.1) lib/active_record/connection_adapters/abstract/connection_pool.rb:773:in `checkout_new_connection'
activerecord (5.0.1) lib/active_record/connection_adapters/abstract/connection_pool.rb:752:in `try_to_checkout_new_connection'
activerecord (5.0.1) lib/active_record/connection_adapters/abstract/connection_pool.rb:713:in `acquire_connection'
activerecord (5.0.1) lib/active_record/connection_adapters/abstract/connection_pool.rb:490:in `checkout'
activerecord (5.0.1) lib/active_record/connection_adapters/abstract/connection_pool.rb:364:in `connection'
activerecord (5.0.1) lib/active_record/connection_adapters/abstract/connection_pool.rb:883:in `retrieve_connection'
activerecord (5.0.1) lib/active_record/connection_handling.rb:128:in `retrieve_connection'
activerecord (5.0.1) lib/active_record/connection_handling.rb:91:in `connection'
activerecord (5.0.1) lib/active_record/migration.rb:559:in `connection'
activerecord (5.0.1) lib/active_record/migration.rb:546:in `call'
actionpack (5.0.1) lib/action_dispatch/middleware/callbacks.rb:38:in `block in call'
activesupport (5.0.1) lib/active_support/callbacks.rb:97:in `__run_callbacks__'
activesupport (5.0.1) lib/active_support/callbacks.rb:750:in `_run_call_callbacks'
activesupport (5.0.1) lib/active_support/callbacks.rb:90:in `run_callbacks'
actionpack (5.0.1) lib/action_dispatch/middleware/callbacks.rb:36:in `call'
actionpack (5.0.1) lib/action_dispatch/middleware/executor.rb:12:in `call'
actionpack (5.0.1) lib/action_dispatch/middleware/remote_ip.rb:79:in `call'
actionpack (5.0.1) lib/action_dispatch/middleware/debug_exceptions.rb:49:in `call'
web-console (3.4.0) lib/web_console/middleware.rb:135:in `call_app'
web-console (3.4.0) lib/web_console/middleware.rb:28:in `block in call'
web-console (3.4.0) lib/web_console/middleware.rb:18:in `catch'
web-console (3.4.0) lib/web_console/middleware.rb:18:in `call'
actionpack (5.0.1) lib/action_dispatch/middleware/show_exceptions.rb:31:in `call'
railties (5.0.1) lib/rails/rack/logger.rb:36:in `call_app'
railties (5.0.1) lib/rails/rack/logger.rb:24:in `block in call'
activesupport (5.0.1) lib/active_support/tagged_logging.rb:69:in `block in tagged'
activesupport (5.0.1) lib/active_support/tagged_logging.rb:26:in `tagged'
activesupport (5.0.1) lib/active_support/tagged_logging.rb:69:in `tagged'
railties (5.0.1) lib/rails/rack/logger.rb:24:in `call'
sprockets-rails (3.2.0) lib/sprockets/rails/quiet_assets.rb:13:in `call'
actionpack (5.0.1) lib/action_dispatch/middleware/request_id.rb:24:in `call'
rack (2.0.1) lib/rack/method_override.rb:22:in `call'
rack (2.0.1) lib/rack/runtime.rb:22:in `call'
activesupport (5.0.1) lib/active_support/cache/strategy/local_cache_middleware.rb:28:in `call'
actionpack (5.0.1) lib/action_dispatch/middleware/executor.rb:12:in `call'
actionpack (5.0.1) lib/action_dispatch/middleware/static.rb:136:in `call'
rack (2.0.1) lib/rack/sendfile.rb:111:in `call'
railties (5.0.1) lib/rails/engine.rb:522:in `call'
puma (3.6.2) lib/puma/configuration.rb:225:in `call'
puma (3.6.2) lib/puma/server.rb:578:in `handle_request'
puma (3.6.2) lib/puma/server.rb:415:in `process_client'
puma (3.6.2) lib/puma/server.rb:275:in `block in run'
puma (3.6.2) lib/puma/thread_pool.rb:116:in `block in spawn_thread'
  Rendering /usr/local/lib/ruby/gems/2.3.0/gems/actionpack-5.0.1/lib/action_dispatch/middleware/templates/rescues/diagnostics.html.erb within rescues/layout
  Rendering /usr/local/lib/ruby/gems/2.3.0/gems/actionpack-5.0.1/lib/action_dispatch/middleware/templates/rescues/_source.html.erb
  Rendered /usr/local/lib/ruby/gems/2.3.0/gems/actionpack-5.0.1/lib/action_dispatch/middleware/templates/rescues/_source.html.erb (2.3ms)
  Rendering /usr/local/lib/ruby/gems/2.3.0/gems/actionpack-5.0.1/lib/action_dispatch/middleware/templates/rescues/_trace.html.erb
  Rendered /usr/local/lib/ruby/gems/2.3.0/gems/actionpack-5.0.1/lib/action_dispatch/middleware/templates/rescues/_trace.html.erb (1.5ms)
  Rendering /usr/local/lib/ruby/gems/2.3.0/gems/actionpack-5.0.1/lib/action_dispatch/middleware/templates/rescues/_request_and_response.html.erb
  Rendered /usr/local/lib/ruby/gems/2.3.0/gems/actionpack-5.0.1/lib/action_dispatch/middleware/templates/rescues/_request_and_response.html.erb (0.8ms)
  Rendered /usr/local/lib/ruby/gems/2.3.0/gems/actionpack-5.0.1/lib/action_dispatch/middleware/templates/rescues/diagnostics.html.erb within rescues/layout (67.8ms)
  [1m[35m (6.1ms)[0m  [1m[35mCREATE TABLE "schema_migrations" ("version" character varying PRIMARY KEY)[0m
  [1m[35m (2.8ms)[0m  [1m[35mCREATE TABLE "ar_internal_metadata" ("key" character varying PRIMARY KEY, "value" character varying, "created_at" timestamp NOT NULL, "updated_at" timestamp NOT NULL)[0m
  [1m[35m (0.2ms)[0m  [1m[34mSELECT pg_try_advisory_lock(3957363834644229660);[0m
  [1m[36mActiveRecord::SchemaMigration Load (0.4ms)[0m  [1m[34mSELECT "schema_migrations".* FROM "schema_migrations"[0m
  [1m[36mActiveRecord::InternalMetadata Load (0.4ms)[0m  [1m[34mSELECT  "ar_internal_metadata".* FROM "ar_internal_metadata" WHERE "ar_internal_metadata"."key" = $1 LIMIT $2[0m  [["key", :environment], ["LIMIT", 1]]
  [1m[35m (0.2ms)[0m  [1m[35mBEGIN[0m
  [1m[35mSQL (0.5ms)[0m  [1m[32mINSERT INTO "ar_internal_metadata" ("key", "value", "created_at", "updated_at") VALUES ($1, $2, $3, $4) RETURNING "key"[0m  [["key", "environment"], ["value", "development"], ["created_at", 2017-01-09 17:14:48 UTC], ["updated_at", 2017-01-09 17:14:48 UTC]]
  [1m[35m (0.3ms)[0m  [1m[35mCOMMIT[0m
  [1m[35m (0.2ms)[0m  [1m[34mSELECT pg_advisory_unlock(3957363834644229660)[0m
  [1m[36mActiveRecord::SchemaMigration Load (0.2ms)[0m  [1m[34mSELECT "schema_migrations".* FROM "schema_migrations"[0m
Started GET "/" for ::1 at 2017-01-09 18:15:05 +0100
Processing by Rails::WelcomeController#index as HTML
  Parameters: {"internal"=>true}
  Rendering /usr/local/lib/ruby/gems/2.3.0/gems/railties-5.0.1/lib/rails/templates/rails/welcome/index.html.erb
  Rendered /usr/local/lib/ruby/gems/2.3.0/gems/railties-5.0.1/lib/rails/templates/rails/welcome/index.html.erb (4.9ms)
Completed 200 OK in 23ms (Views: 10.7ms | ActiveRecord: 0.0ms)


  [1m[35m (0.2ms)[0m  [1m[34mSELECT pg_try_advisory_lock(3957363834644229660);[0m
  [1m[36mActiveRecord::SchemaMigration Load (0.6ms)[0m  [1m[34mSELECT "schema_migrations".* FROM "schema_migrations"[0m
Migrating to CreateTasks (20170109172434)
  [1m[35m (0.1ms)[0m  [1m[35mBEGIN[0m
  [1m[35m (8.7ms)[0m  [1m[35mCREATE TABLE "tasks" ("id" serial primary key, "title" character varying, "description" character varying, "text" character varying, "deadline" timestamp, "priority" integer, "created_at" timestamp NOT NULL, "updated_at" timestamp NOT NULL)[0m
  [1m[35mSQL (0.5ms)[0m  [1m[32mINSERT INTO "schema_migrations" ("version") VALUES ($1) RETURNING "version"[0m  [["version", "20170109172434"]]
  [1m[35m (0.9ms)[0m  [1m[35mCOMMIT[0m
  [1m[36mActiveRecord::InternalMetadata Load (0.4ms)[0m  [1m[34mSELECT  "ar_internal_metadata".* FROM "ar_internal_metadata" WHERE "ar_internal_metadata"."key" = $1 LIMIT $2[0m  [["key", :environment], ["LIMIT", 1]]
  [1m[35m (0.1ms)[0m  [1m[35mBEGIN[0m
  [1m[35m (0.1ms)[0m  [1m[35mCOMMIT[0m
  [1m[35m (0.2ms)[0m  [1m[34mSELECT pg_advisory_unlock(3957363834644229660)[0m
  [1m[36mActiveRecord::SchemaMigration Load (0.2ms)[0m  [1m[34mSELECT "schema_migrations".* FROM "schema_migrations"[0m
Started GET "/" for ::1 at 2017-01-09 18:32:06 +0100
  [1m[36mActiveRecord::SchemaMigration Load (0.6ms)[0m  [1m[34mSELECT "schema_migrations".* FROM "schema_migrations"[0m
Started GET "/" for ::1 at 2017-01-09 18:32:07 +0100
Started GET "/" for ::1 at 2017-01-09 18:36:05 +0100
  [1m[36mActiveRecord::SchemaMigration Load (0.5ms)[0m  [1m[34mSELECT "schema_migrations".* FROM "schema_migrations"[0m
Processing by Rails::WelcomeController#index as HTML
  Parameters: {"internal"=>true}
  Rendering /usr/local/lib/ruby/gems/2.3.0/gems/railties-5.0.1/lib/rails/templates/rails/welcome/index.html.erb
  Rendered /usr/local/lib/ruby/gems/2.3.0/gems/railties-5.0.1/lib/rails/templates/rails/welcome/index.html.erb (5.4ms)
Completed 200 OK in 25ms (Views: 11.5ms | ActiveRecord: 0.0ms)


Started GET "/tasks" for ::1 at 2017-01-09 18:36:14 +0100
Processing by TasksController#index as HTML
  Rendering tasks/index.html.erb within layouts/application
  [1m[36mTask Load (1.3ms)[0m  [1m[34mSELECT "tasks".* FROM "tasks"[0m
  Rendered tasks/index.html.erb within layouts/application (10.8ms)
Completed 200 OK in 881ms (Views: 872.8ms | ActiveRecord: 4.2ms)


Started GET "/tasks/new" for ::1 at 2017-01-09 18:36:18 +0100
Processing by TasksController#new as HTML
  Rendering tasks/new.html.erb within layouts/application
  Rendered tasks/_form.html.erb (25.7ms)
  Rendered tasks/new.html.erb within layouts/application (27.9ms)
Completed 200 OK in 87ms (Views: 60.7ms | ActiveRecord: 6.1ms)


Started POST "/tasks" for ::1 at 2017-01-09 18:36:30 +0100
Processing by TasksController#create as HTML
  Parameters: {"utf8"=>"✓", "authenticity_token"=>"nhiWIVQyPYWghhFD61BcVXL9Pjnx1De7fwHBvRajnYlpXFGy4a/VSrahlAs2d6BtHw3ECQJLm+L7X8+YljEGBQ==", "task"=>{"title"=>"efdb", "description"=>"djd", "text"=>"djkebz", "deadline(1i)"=>"2017", "deadline(2i)"=>"1", "deadline(3i)"=>"9", "deadline(4i)"=>"17", "deadline(5i)"=>"36", "priority"=>"1"}, "commit"=>"Create Task"}
  [1m[35m (0.2ms)[0m  [1m[35mBEGIN[0m
  [1m[35mSQL (1.0ms)[0m  [1m[32mINSERT INTO "tasks" ("title", "description", "text", "deadline", "priority", "created_at", "updated_at") VALUES ($1, $2, $3, $4, $5, $6, $7) RETURNING "id"[0m  [["title", "efdb"], ["description", "djd"], ["text", "djkebz"], ["deadline", 2017-01-09 17:36:00 UTC], ["priority", 1], ["created_at", 2017-01-09 17:36:30 UTC], ["updated_at", 2017-01-09 17:36:30 UTC]]
  [1m[35m (0.4ms)[0m  [1m[35mCOMMIT[0m
Redirected to http://localhost:3000/tasks/1
Completed 302 Found in 12ms (ActiveRecord: 1.6ms)


Started GET "/tasks/1" for ::1 at 2017-01-09 18:36:30 +0100
Processing by TasksController#show as HTML
  Parameters: {"id"=>"1"}
  [1m[36mTask Load (0.6ms)[0m  [1m[34mSELECT  "tasks".* FROM "tasks" WHERE "tasks"."id" = $1 LIMIT $2[0m  [["id", 1], ["LIMIT", 1]]
  Rendering tasks/show.html.erb within layouts/application
  Rendered tasks/show.html.erb within layouts/application (1.7ms)
Completed 200 OK in 42ms (Views: 33.7ms | ActiveRecord: 0.8ms)


Started GET "/tasks/1/edit" for ::1 at 2017-01-09 18:36:36 +0100
Processing by TasksController#edit as HTML
  Parameters: {"id"=>"1"}
  [1m[36mTask Load (0.6ms)[0m  [1m[34mSELECT  "tasks".* FROM "tasks" WHERE "tasks"."id" = $1 LIMIT $2[0m  [["id", 1], ["LIMIT", 1]]
  Rendering tasks/edit.html.erb within layouts/application
  Rendered tasks/_form.html.erb (10.0ms)
  Rendered tasks/edit.html.erb within layouts/application (13.4ms)
Completed 200 OK in 48ms (Views: 40.9ms | ActiveRecord: 1.1ms)


  [1m[35m (0.2ms)[0m  [1m[34mSELECT pg_try_advisory_lock(3957363834644229660);[0m
  [1m[36mActiveRecord::SchemaMigration Load (0.5ms)[0m  [1m[34mSELECT "schema_migrations".* FROM "schema_migrations"[0m
Migrating to AddStateToTasks (20170109174121)
  [1m[35m (0.1ms)[0m  [1m[35mBEGIN[0m
  [1m[35m (0.9ms)[0m  [1m[35mALTER TABLE "tasks" ADD "state" integer[0m
  [1m[35mSQL (0.4ms)[0m  [1m[32mINSERT INTO "schema_migrations" ("version") VALUES ($1) RETURNING "version"[0m  [["version", "20170109174121"]]
  [1m[35m (0.4ms)[0m  [1m[35mCOMMIT[0m
  [1m[36mActiveRecord::InternalMetadata Load (0.4ms)[0m  [1m[34mSELECT  "ar_internal_metadata".* FROM "ar_internal_metadata" WHERE "ar_internal_metadata"."key" = $1 LIMIT $2[0m  [["key", :environment], ["LIMIT", 1]]
  [1m[35m (0.1ms)[0m  [1m[35mBEGIN[0m
  [1m[35m (0.1ms)[0m  [1m[35mCOMMIT[0m
  [1m[35m (0.2ms)[0m  [1m[34mSELECT pg_advisory_unlock(3957363834644229660)[0m
  [1m[36mActiveRecord::SchemaMigration Load (0.2ms)[0m  [1m[34mSELECT "schema_migrations".* FROM "schema_migrations"[0m
Started GET "/task" for ::1 at 2017-01-09 18:44:36 +0100
  [1m[36mActiveRecord::SchemaMigration Load (0.9ms)[0m  [1m[34mSELECT "schema_migrations".* FROM "schema_migrations"[0m
  
ActionController::RoutingError (No route matches [GET] "/task"):
  
actionpack (5.0.1) lib/action_dispatch/middleware/debug_exceptions.rb:53:in `call'
web-console (3.4.0) lib/web_console/middleware.rb:135:in `call_app'
web-console (3.4.0) lib/web_console/middleware.rb:28:in `block in call'
web-console (3.4.0) lib/web_console/middleware.rb:18:in `catch'
web-console (3.4.0) lib/web_console/middleware.rb:18:in `call'
actionpack (5.0.1) lib/action_dispatch/middleware/show_exceptions.rb:31:in `call'
railties (5.0.1) lib/rails/rack/logger.rb:36:in `call_app'
railties (5.0.1) lib/rails/rack/logger.rb:24:in `block in call'
activesupport (5.0.1) lib/active_support/tagged_logging.rb:69:in `block in tagged'
activesupport (5.0.1) lib/active_support/tagged_logging.rb:26:in `tagged'
activesupport (5.0.1) lib/active_support/tagged_logging.rb:69:in `tagged'
railties (5.0.1) lib/rails/rack/logger.rb:24:in `call'
sprockets-rails (3.2.0) lib/sprockets/rails/quiet_assets.rb:13:in `call'
actionpack (5.0.1) lib/action_dispatch/middleware/request_id.rb:24:in `call'
rack (2.0.1) lib/rack/method_override.rb:22:in `call'
rack (2.0.1) lib/rack/runtime.rb:22:in `call'
activesupport (5.0.1) lib/active_support/cache/strategy/local_cache_middleware.rb:28:in `call'
actionpack (5.0.1) lib/action_dispatch/middleware/executor.rb:12:in `call'
actionpack (5.0.1) lib/action_dispatch/middleware/static.rb:136:in `call'
rack (2.0.1) lib/rack/sendfile.rb:111:in `call'
railties (5.0.1) lib/rails/engine.rb:522:in `call'
puma (3.6.2) lib/puma/configuration.rb:225:in `call'
puma (3.6.2) lib/puma/server.rb:578:in `handle_request'
puma (3.6.2) lib/puma/server.rb:415:in `process_client'
puma (3.6.2) lib/puma/server.rb:275:in `block in run'
puma (3.6.2) lib/puma/thread_pool.rb:116:in `block in spawn_thread'
  Rendering /usr/local/lib/ruby/gems/2.3.0/gems/actionpack-5.0.1/lib/action_dispatch/middleware/templates/rescues/routing_error.html.erb within rescues/layout
  Rendering /usr/local/lib/ruby/gems/2.3.0/gems/actionpack-5.0.1/lib/action_dispatch/middleware/templates/rescues/_trace.html.erb
  Rendered /usr/local/lib/ruby/gems/2.3.0/gems/actionpack-5.0.1/lib/action_dispatch/middleware/templates/rescues/_trace.html.erb (1.4ms)
  Rendered collection of /usr/local/lib/ruby/gems/2.3.0/gems/actionpack-5.0.1/lib/action_dispatch/middleware/templates/routes/_route.html.erb [8 times] (3.9ms)
  Rendered /usr/local/lib/ruby/gems/2.3.0/gems/actionpack-5.0.1/lib/action_dispatch/middleware/templates/routes/_table.html.erb (8.3ms)
  Rendering /usr/local/lib/ruby/gems/2.3.0/gems/actionpack-5.0.1/lib/action_dispatch/middleware/templates/rescues/_request_and_response.html.erb
  Rendered /usr/local/lib/ruby/gems/2.3.0/gems/actionpack-5.0.1/lib/action_dispatch/middleware/templates/rescues/_request_and_response.html.erb (9.5ms)
  Rendered /usr/local/lib/ruby/gems/2.3.0/gems/actionpack-5.0.1/lib/action_dispatch/middleware/templates/rescues/routing_error.html.erb within rescues/layout (108.0ms)
Started GET "/tasks" for ::1 at 2017-01-09 18:44:43 +0100
Processing by TasksController#index as HTML
  Rendering tasks/index.html.erb within layouts/application
  [1m[36mTask Load (0.8ms)[0m  [1m[34mSELECT "tasks".* FROM "tasks"[0m
  Rendered tasks/index.html.erb within layouts/application (19.4ms)
Completed 200 OK in 250ms (Views: 235.5ms | ActiveRecord: 9.2ms)


Started GET "/tasks/1" for ::1 at 2017-01-09 18:48:03 +0100
Processing by TasksController#show as HTML
  Parameters: {"id"=>"1"}
  [1m[36mTask Load (4.4ms)[0m  [1m[34mSELECT  "tasks".* FROM "tasks" WHERE "tasks"."id" = $1 LIMIT $2[0m  [["id", 1], ["LIMIT", 1]]
  Rendering tasks/show.html.erb within layouts/application
  Rendered tasks/show.html.erb within layouts/application (1.1ms)
Completed 200 OK in 45ms (Views: 25.9ms | ActiveRecord: 4.6ms)


Started GET "/tasks/1/edit" for ::1 at 2017-01-09 18:48:07 +0100
Processing by TasksController#edit as HTML
  Parameters: {"id"=>"1"}
  [1m[36mTask Load (0.3ms)[0m  [1m[34mSELECT  "tasks".* FROM "tasks" WHERE "tasks"."id" = $1 LIMIT $2[0m  [["id", 1], ["LIMIT", 1]]
  Rendering tasks/edit.html.erb within layouts/application
  Rendered tasks/_form.html.erb (22.8ms)
  Rendered tasks/edit.html.erb within layouts/application (26.5ms)
Completed 200 OK in 52ms (Views: 46.2ms | ActiveRecord: 0.3ms)


Started GET "/tasks/1/edit" for ::1 at 2017-01-09 18:48:14 +0100
Processing by TasksController#edit as HTML
  Parameters: {"id"=>"1"}
  [1m[36mTask Load (0.5ms)[0m  [1m[34mSELECT  "tasks".* FROM "tasks" WHERE "tasks"."id" = $1 LIMIT $2[0m  [["id", 1], ["LIMIT", 1]]
  Rendering tasks/edit.html.erb within layouts/application
  Rendered tasks/_form.html.erb (9.0ms)
  Rendered tasks/edit.html.erb within layouts/application (12.2ms)
Completed 200 OK in 53ms (Views: 46.1ms | ActiveRecord: 0.5ms)


Started GET "/tasks/1/edit" for ::1 at 2017-01-09 18:51:21 +0100
  [1m[36mActiveRecord::SchemaMigration Load (0.5ms)[0m  [1m[34mSELECT "schema_migrations".* FROM "schema_migrations"[0m
Processing by TasksController#edit as HTML
  Parameters: {"id"=>"1"}
  [1m[36mTask Load (0.5ms)[0m  [1m[34mSELECT  "tasks".* FROM "tasks" WHERE "tasks"."id" = $1 LIMIT $2[0m  [["id", 1], ["LIMIT", 1]]
  Rendering tasks/edit.html.erb within layouts/application
  Rendered tasks/_form.html.erb (27.7ms)
  Rendered tasks/edit.html.erb within layouts/application (30.9ms)
Completed 200 OK in 306ms (Views: 272.6ms | ActiveRecord: 6.5ms)


Started GET "/tasks/1/edit" for ::1 at 2017-01-09 18:56:29 +0100
  [1m[36mActiveRecord::SchemaMigration Load (0.5ms)[0m  [1m[34mSELECT "schema_migrations".* FROM "schema_migrations"[0m
Processing by TasksController#edit as HTML
  Parameters: {"id"=>"1"}
  [1m[36mTask Load (0.5ms)[0m  [1m[34mSELECT  "tasks".* FROM "tasks" WHERE "tasks"."id" = $1 LIMIT $2[0m  [["id", 1], ["LIMIT", 1]]
  Rendering tasks/edit.html.erb within layouts/application
  Rendered tasks/_form.html.erb (91.0ms)
  Rendered tasks/edit.html.erb within layouts/application (93.9ms)
Completed 500 Internal Server Error in 135ms (ActiveRecord: 6.3ms)


  
ActionView::Template::Error (undefined method `select_tag' for #<ActionView::Helpers::FormBuilder:0x007ff25a5eaef8>
Did you mean?  select):
    38: 
    39:   <div class="field">
    40:     <%= f.label :state %>
    41:     <%= f.select_tag(:state, options_for_select([['To Do', 0], ['Doing', 1], ['Done', 2]])) %>
    42:   </div>
    43: 
    44:   <div class="actions">
  
app/views/tasks/_form.html.erb:41:in `block in _app_views_tasks__form_html_erb__595497494736344542_70339441221280'
app/views/tasks/_form.html.erb:1:in `_app_views_tasks__form_html_erb__595497494736344542_70339441221280'
app/views/tasks/edit.html.erb:3:in `_app_views_tasks_edit_html_erb___1127969054367623721_70339437875640'
  Rendering /usr/local/lib/ruby/gems/2.3.0/gems/actionpack-5.0.1/lib/action_dispatch/middleware/templates/rescues/template_error.html.erb within rescues/layout
  Rendering /usr/local/lib/ruby/gems/2.3.0/gems/actionpack-5.0.1/lib/action_dispatch/middleware/templates/rescues/_source.html.erb
  Rendered /usr/local/lib/ruby/gems/2.3.0/gems/actionpack-5.0.1/lib/action_dispatch/middleware/templates/rescues/_source.html.erb (4.8ms)
  Rendering /usr/local/lib/ruby/gems/2.3.0/gems/actionpack-5.0.1/lib/action_dispatch/middleware/templates/rescues/_trace.html.erb
  Rendered /usr/local/lib/ruby/gems/2.3.0/gems/actionpack-5.0.1/lib/action_dispatch/middleware/templates/rescues/_trace.html.erb (1.8ms)
  Rendering /usr/local/lib/ruby/gems/2.3.0/gems/actionpack-5.0.1/lib/action_dispatch/middleware/templates/rescues/_request_and_response.html.erb
  Rendered /usr/local/lib/ruby/gems/2.3.0/gems/actionpack-5.0.1/lib/action_dispatch/middleware/templates/rescues/_request_and_response.html.erb (0.9ms)
  Rendered /usr/local/lib/ruby/gems/2.3.0/gems/actionpack-5.0.1/lib/action_dispatch/middleware/templates/rescues/template_error.html.erb within rescues/layout (69.7ms)
Started GET "/tasks/" for ::1 at 2017-01-09 18:56:34 +0100
Processing by TasksController#index as HTML
  Rendering tasks/index.html.erb within layouts/application
  [1m[36mTask Load (0.6ms)[0m  [1m[34mSELECT "tasks".* FROM "tasks"[0m
  Rendered tasks/index.html.erb within layouts/application (2.5ms)
Completed 200 OK in 210ms (Views: 207.8ms | ActiveRecord: 0.6ms)


Started GET "/tasks/1/edit" for ::1 at 2017-01-09 18:56:37 +0100
Processing by TasksController#edit as HTML
  Parameters: {"id"=>"1"}
  [1m[36mTask Load (0.3ms)[0m  [1m[34mSELECT  "tasks".* FROM "tasks" WHERE "tasks"."id" = $1 LIMIT $2[0m  [["id", 1], ["LIMIT", 1]]
  Rendering tasks/edit.html.erb within layouts/application
  Rendered tasks/_form.html.erb (85.1ms)
  Rendered tasks/edit.html.erb within layouts/application (91.1ms)
Completed 500 Internal Server Error in 102ms (ActiveRecord: 0.7ms)


  
ActionView::Template::Error (undefined method `select_tag' for #<ActionView::Helpers::FormBuilder:0x007ff25bd6a948>
Did you mean?  select):
    38: 
    39:   <div class="field">
    40:     <%= f.label :state %>
    41:     <%= f.select_tag(:state, options_for_select([['To Do', 0], ['Doing', 1], ['Done', 2]])) %>
    42:   </div>
    43: 
    44:   <div class="actions">
  
app/views/tasks/_form.html.erb:41:in `block in _app_views_tasks__form_html_erb__595497494736344542_70339448359280'
app/views/tasks/_form.html.erb:1:in `_app_views_tasks__form_html_erb__595497494736344542_70339448359280'
app/views/tasks/edit.html.erb:3:in `_app_views_tasks_edit_html_erb___1127969054367623721_70339476823900'
  Rendering /usr/local/lib/ruby/gems/2.3.0/gems/actionpack-5.0.1/lib/action_dispatch/middleware/templates/rescues/template_error.html.erb within rescues/layout
  Rendering /usr/local/lib/ruby/gems/2.3.0/gems/actionpack-5.0.1/lib/action_dispatch/middleware/templates/rescues/_source.html.erb
  Rendered /usr/local/lib/ruby/gems/2.3.0/gems/actionpack-5.0.1/lib/action_dispatch/middleware/templates/rescues/_source.html.erb (4.1ms)
  Rendering /usr/local/lib/ruby/gems/2.3.0/gems/actionpack-5.0.1/lib/action_dispatch/middleware/templates/rescues/_trace.html.erb
  Rendered /usr/local/lib/ruby/gems/2.3.0/gems/actionpack-5.0.1/lib/action_dispatch/middleware/templates/rescues/_trace.html.erb (1.9ms)
  Rendering /usr/local/lib/ruby/gems/2.3.0/gems/actionpack-5.0.1/lib/action_dispatch/middleware/templates/rescues/_request_and_response.html.erb
  Rendered /usr/local/lib/ruby/gems/2.3.0/gems/actionpack-5.0.1/lib/action_dispatch/middleware/templates/rescues/_request_and_response.html.erb (0.8ms)
  Rendered /usr/local/lib/ruby/gems/2.3.0/gems/actionpack-5.0.1/lib/action_dispatch/middleware/templates/rescues/template_error.html.erb within rescues/layout (60.9ms)
Started GET "/tasks/1/edit" for ::1 at 2017-01-09 19:08:14 +0100
  [1m[36mActiveRecord::SchemaMigration Load (0.5ms)[0m  [1m[34mSELECT "schema_migrations".* FROM "schema_migrations"[0m
Processing by TasksController#edit as HTML
  Parameters: {"id"=>"1"}
  [1m[36mTask Load (0.5ms)[0m  [1m[34mSELECT  "tasks".* FROM "tasks" WHERE "tasks"."id" = $1 LIMIT $2[0m  [["id", 1], ["LIMIT", 1]]
  Rendering tasks/edit.html.erb within layouts/application
  Rendered tasks/_form.html.erb (28.8ms)
  Rendered tasks/edit.html.erb within layouts/application (31.9ms)
Completed 200 OK in 309ms (Views: 278.0ms | ActiveRecord: 6.0ms)


Started PATCH "/tasks/1" for ::1 at 2017-01-09 19:08:25 +0100
Processing by TasksController#update as HTML
  Parameters: {"utf8"=>"✓", "authenticity_token"=>"C7iJ2D8zzvK+rKZGR+9ZRZOTwWjXNe4rzdaQJlb+lBU0NfOR60SiAGocXAA6WwvC+BjIdXrqOY1Ev3HfhYS9Zw==", "task"=>{"title"=>"efdb", "description"=>"djd", "text"=>"djkebz", "deadline(1i)"=>"2017", "deadline(2i)"=>"1", "deadline(3i)"=>"9", "deadline(4i)"=>"17", "deadline(5i)"=>"36", "priority"=>"1", "state"=>"0"}, "commit"=>"Update Task", "id"=>"1"}
  [1m[36mTask Load (1.6ms)[0m  [1m[34mSELECT  "tasks".* FROM "tasks" WHERE "tasks"."id" = $1 LIMIT $2[0m  [["id", 1], ["LIMIT", 1]]
Unpermitted parameter: state
  [1m[35m (0.1ms)[0m  [1m[35mBEGIN[0m
  [1m[35m (0.2ms)[0m  [1m[35mCOMMIT[0m
Redirected to http://localhost:3000/tasks/1
Completed 302 Found in 7ms (ActiveRecord: 1.9ms)


Started GET "/tasks/1" for ::1 at 2017-01-09 19:08:25 +0100
Processing by TasksController#show as HTML
  Parameters: {"id"=>"1"}
  [1m[36mTask Load (0.7ms)[0m  [1m[34mSELECT  "tasks".* FROM "tasks" WHERE "tasks"."id" = $1 LIMIT $2[0m  [["id", 1], ["LIMIT", 1]]
  Rendering tasks/show.html.erb within layouts/application
  Rendered tasks/show.html.erb within layouts/application (1.6ms)
Completed 200 OK in 24ms (Views: 19.3ms | ActiveRecord: 0.7ms)


Started GET "/tasks/1/edit" for ::1 at 2017-01-09 19:08:29 +0100
Processing by TasksController#edit as HTML
  Parameters: {"id"=>"1"}
  [1m[36mTask Load (1.1ms)[0m  [1m[34mSELECT  "tasks".* FROM "tasks" WHERE "tasks"."id" = $1 LIMIT $2[0m  [["id", 1], ["LIMIT", 1]]
  Rendering tasks/edit.html.erb within layouts/application
  Rendered tasks/_form.html.erb (8.6ms)
  Rendered tasks/edit.html.erb within layouts/application (11.7ms)
Completed 200 OK in 38ms (Views: 31.3ms | ActiveRecord: 1.1ms)


Started PATCH "/tasks/1" for ::1 at 2017-01-09 19:08:31 +0100
Processing by TasksController#update as HTML
  Parameters: {"utf8"=>"✓", "authenticity_token"=>"3IbxBnbqdwCazBy2Ia1gmD3vuCksGJLKr2b3SYUtbMu68I3QhKZTd3zwzi84TLEu5u+XHp44YCbEpgJHlH0Kuw==", "task"=>{"title"=>"efdb", "description"=>"djd", "text"=>"djkebz", "deadline(1i)"=>"2017", "deadline(2i)"=>"1", "deadline(3i)"=>"9", "deadline(4i)"=>"17", "deadline(5i)"=>"36", "priority"=>"1", "state"=>"0"}, "commit"=>"Update Task", "id"=>"1"}
  [1m[36mTask Load (0.4ms)[0m  [1m[34mSELECT  "tasks".* FROM "tasks" WHERE "tasks"."id" = $1 LIMIT $2[0m  [["id", 1], ["LIMIT", 1]]
Unpermitted parameter: state
  [1m[35m (0.1ms)[0m  [1m[35mBEGIN[0m
  [1m[35m (0.2ms)[0m  [1m[35mCOMMIT[0m
Redirected to http://localhost:3000/tasks/1
Completed 302 Found in 4ms (ActiveRecord: 0.7ms)


Started GET "/tasks/1" for ::1 at 2017-01-09 19:08:31 +0100
Processing by TasksController#show as HTML
  Parameters: {"id"=>"1"}
  [1m[36mTask Load (0.4ms)[0m  [1m[34mSELECT  "tasks".* FROM "tasks" WHERE "tasks"."id" = $1 LIMIT $2[0m  [["id", 1], ["LIMIT", 1]]
  Rendering tasks/show.html.erb within layouts/application
  Rendered tasks/show.html.erb within layouts/application (0.8ms)
Completed 200 OK in 24ms (Views: 21.1ms | ActiveRecord: 0.4ms)


Started GET "/tasks/1/edit" for ::1 at 2017-01-09 19:08:33 +0100
Processing by TasksController#edit as HTML
  Parameters: {"id"=>"1"}
  [1m[36mTask Load (0.5ms)[0m  [1m[34mSELECT  "tasks".* FROM "tasks" WHERE "tasks"."id" = $1 LIMIT $2[0m  [["id", 1], ["LIMIT", 1]]
  Rendering tasks/edit.html.erb within layouts/application
  Rendered tasks/_form.html.erb (9.2ms)
  Rendered tasks/edit.html.erb within layouts/application (11.5ms)
Completed 200 OK in 43ms (Views: 39.7ms | ActiveRecord: 0.5ms)


Started GET "/tasks" for ::1 at 2017-01-12 13:50:46 +0100
  [1m[36mActiveRecord::SchemaMigration Load (2.5ms)[0m  [1m[34mSELECT "schema_migrations".* FROM "schema_migrations"[0m
Processing by TasksController#index as HTML
  Rendering tasks/index.html.erb within layouts/application
  [1m[36mTask Load (2.3ms)[0m  [1m[34mSELECT "tasks".* FROM "tasks"[0m
  Rendered tasks/index.html.erb within layouts/application (26.6ms)
Completed 200 OK in 293ms (Views: 264.9ms | ActiveRecord: 14.2ms)


Started GET "/tasks/1" for ::1 at 2017-01-12 13:52:02 +0100
Processing by TasksController#show as HTML
  Parameters: {"id"=>"1"}
  [1m[36mTask Load (1.3ms)[0m  [1m[34mSELECT  "tasks".* FROM "tasks" WHERE "tasks"."id" = $1 LIMIT $2[0m  [["id", 1], ["LIMIT", 1]]
  Rendering tasks/show.html.erb within layouts/application
  Rendered tasks/show.html.erb within layouts/application (0.9ms)
Completed 200 OK in 41ms (Views: 24.6ms | ActiveRecord: 2.0ms)


Started GET "/tasks" for ::1 at 2017-01-12 13:52:05 +0100
Processing by TasksController#index as HTML
  Rendering tasks/index.html.erb within layouts/application
  [1m[36mTask Load (3.0ms)[0m  [1m[34mSELECT "tasks".* FROM "tasks"[0m
  Rendered tasks/index.html.erb within layouts/application (6.8ms)
Completed 200 OK in 47ms (Views: 40.6ms | ActiveRecord: 3.0ms)


Started GET "/tasks/1/edit" for ::1 at 2017-01-12 13:52:13 +0100
Processing by TasksController#edit as HTML
  Parameters: {"id"=>"1"}
  [1m[36mTask Load (3.5ms)[0m  [1m[34mSELECT  "tasks".* FROM "tasks" WHERE "tasks"."id" = $1 LIMIT $2[0m  [["id", 1], ["LIMIT", 1]]
  Rendering tasks/edit.html.erb within layouts/application
  Rendered tasks/_form.html.erb (35.5ms)
  Rendered tasks/edit.html.erb within layouts/application (38.7ms)
Completed 200 OK in 80ms (Views: 71.5ms | ActiveRecord: 3.8ms)


Started PATCH "/tasks/1" for ::1 at 2017-01-12 13:57:46 +0100
Processing by TasksController#update as HTML
  Parameters: {"utf8"=>"✓", "authenticity_token"=>"LyQ5omXr90+543trVZxkocmzX2X72m7r5e9KXpeGrPlJUkV0l6fTOF/fqfJMfbUXErNwUkn6nAeOL79QhtbKiQ==", "task"=>{"title"=>"Être un bon dev' Rails", "description"=>"Et c'est pas gagné...", "text"=>"Ruby on Rails, également appelé RoR ou Rails, est un framework web libre écrit en Ruby. Il suit le motif de conception modèle-vue-contrôleur aussi nommé MVC. En tant que framework, il propose une structure au programmeur qui lui permet de développer plus vite et plus intuitivement. Il ajoute aussi un grand niveau d'abstraction dans la programmation de l'application par un ensemble de fonctions de haut niveau qui lui offre ainsi l'économie d'écrire lui-même la plupart des routines obligatoires d'une application web.  Les deux principes fondamentaux de Rails à retenir à tout prix : - Ne vous répétez pas - Convention plutôt que configuration", "deadline(1i)"=>"2017", "deadline(2i)"=>"1", "deadline(3i)"=>"9", "deadline(4i)"=>"17", "deadline(5i)"=>"36", "priority"=>"1", "state"=>"0"}, "commit"=>"Update Task", "id"=>"1"}
  [1m[36mTask Load (0.3ms)[0m  [1m[34mSELECT  "tasks".* FROM "tasks" WHERE "tasks"."id" = $1 LIMIT $2[0m  [["id", 1], ["LIMIT", 1]]
Unpermitted parameter: state
  [1m[35m (0.5ms)[0m  [1m[35mBEGIN[0m
  [1m[35mSQL (4.2ms)[0m  [1m[33mUPDATE "tasks" SET "title" = $1, "description" = $2, "text" = $3, "updated_at" = $4 WHERE "tasks"."id" = $5[0m  [["title", "Être un bon dev' Rails"], ["description", "Et c'est pas gagné..."], ["text", "Ruby on Rails, également appelé RoR ou Rails, est un framework web libre écrit en Ruby. Il suit le motif de conception modèle-vue-contrôleur aussi nommé MVC. En tant que framework, il propose une structure au programmeur qui lui permet de développer plus vite et plus intuitivement. Il ajoute aussi un grand niveau d'abstraction dans la programmation de l'application par un ensemble de fonctions de haut niveau qui lui offre ainsi l'économie d'écrire lui-même la plupart des routines obligatoires d'une application web.  Les deux principes fondamentaux de Rails à retenir à tout prix : - Ne vous répétez pas - Convention plutôt que configuration"], ["updated_at", 2017-01-12 12:57:46 UTC], ["id", 1]]
  [1m[35m (1.1ms)[0m  [1m[35mCOMMIT[0m
Redirected to http://localhost:3000/tasks/1
Completed 302 Found in 14ms (ActiveRecord: 6.1ms)


Started GET "/tasks/1" for ::1 at 2017-01-12 13:57:46 +0100
Processing by TasksController#show as HTML
  Parameters: {"id"=>"1"}
  [1m[36mTask Load (0.3ms)[0m  [1m[34mSELECT  "tasks".* FROM "tasks" WHERE "tasks"."id" = $1 LIMIT $2[0m  [["id", 1], ["LIMIT", 1]]
  Rendering tasks/show.html.erb within layouts/application
  Rendered tasks/show.html.erb within layouts/application (1.6ms)
Completed 200 OK in 25ms (Views: 20.8ms | ActiveRecord: 0.5ms)


Started GET "/tasks" for ::1 at 2017-01-12 13:57:50 +0100
Processing by TasksController#index as HTML
  Rendering tasks/index.html.erb within layouts/application
  [1m[36mTask Load (0.8ms)[0m  [1m[34mSELECT "tasks".* FROM "tasks"[0m
  Rendered tasks/index.html.erb within layouts/application (6.4ms)
Completed 200 OK in 31ms (Views: 27.4ms | ActiveRecord: 0.8ms)


Started GET "/tasks/new" for ::1 at 2017-01-12 13:57:59 +0100
Processing by TasksController#new as HTML
  Rendering tasks/new.html.erb within layouts/application
  Rendered tasks/_form.html.erb (7.4ms)
  Rendered tasks/new.html.erb within layouts/application (9.6ms)
Completed 200 OK in 36ms (Views: 31.8ms | ActiveRecord: 0.0ms)


Started GET "/tasks" for ::1 at 2017-01-12 13:58:01 +0100
Processing by TasksController#index as HTML
  Rendering tasks/index.html.erb within layouts/application
  [1m[36mTask Load (0.7ms)[0m  [1m[34mSELECT "tasks".* FROM "tasks"[0m
  Rendered tasks/index.html.erb within layouts/application (3.5ms)
Completed 200 OK in 43ms (Views: 39.7ms | ActiveRecord: 0.7ms)


Started GET "/tasks/1/edit" for ::1 at 2017-01-12 13:58:03 +0100
Processing by TasksController#edit as HTML
  Parameters: {"id"=>"1"}
  [1m[36mTask Load (0.3ms)[0m  [1m[34mSELECT  "tasks".* FROM "tasks" WHERE "tasks"."id" = $1 LIMIT $2[0m  [["id", 1], ["LIMIT", 1]]
  Rendering tasks/edit.html.erb within layouts/application
  Rendered tasks/_form.html.erb (7.4ms)
  Rendered tasks/edit.html.erb within layouts/application (10.7ms)
Completed 200 OK in 34ms (Views: 28.7ms | ActiveRecord: 0.3ms)


Started GET "/tasks/1" for ::1 at 2017-01-12 13:58:12 +0100
Processing by TasksController#show as HTML
  Parameters: {"id"=>"1"}
  [1m[36mTask Load (2.9ms)[0m  [1m[34mSELECT  "tasks".* FROM "tasks" WHERE "tasks"."id" = $1 LIMIT $2[0m  [["id", 1], ["LIMIT", 1]]
  Rendering tasks/show.html.erb within layouts/application
  Rendered tasks/show.html.erb within layouts/application (1.5ms)
Completed 200 OK in 36ms (Views: 30.1ms | ActiveRecord: 2.9ms)


Started GET "/tasks" for ::1 at 2017-01-12 13:58:14 +0100
Processing by TasksController#index as HTML
  Rendering tasks/index.html.erb within layouts/application
  [1m[36mTask Load (0.5ms)[0m  [1m[34mSELECT "tasks".* FROM "tasks"[0m
  Rendered tasks/index.html.erb within layouts/application (3.3ms)
Completed 200 OK in 32ms (Views: 27.3ms | ActiveRecord: 0.5ms)


Started GET "/tasks/new" for ::1 at 2017-01-12 13:59:37 +0100
Processing by TasksController#new as HTML
  Rendering tasks/new.html.erb within layouts/application
  Rendered tasks/_form.html.erb (14.7ms)
  Rendered tasks/new.html.erb within layouts/application (19.5ms)
Completed 200 OK in 47ms (Views: 42.6ms | ActiveRecord: 0.0ms)


Started GET "/tasks" for ::1 at 2017-01-12 13:59:52 +0100
Processing by TasksController#index as HTML
  Rendering tasks/index.html.erb within layouts/application
  [1m[36mTask Load (0.4ms)[0m  [1m[34mSELECT "tasks".* FROM "tasks"[0m
  Rendered tasks/index.html.erb within layouts/application (2.7ms)
Completed 200 OK in 26ms (Views: 23.9ms | ActiveRecord: 0.4ms)


Started GET "/tasks/1/edit" for ::1 at 2017-01-12 13:59:53 +0100
Processing by TasksController#edit as HTML
  Parameters: {"id"=>"1"}
  [1m[36mTask Load (0.4ms)[0m  [1m[34mSELECT  "tasks".* FROM "tasks" WHERE "tasks"."id" = $1 LIMIT $2[0m  [["id", 1], ["LIMIT", 1]]
  Rendering tasks/edit.html.erb within layouts/application
  Rendered tasks/_form.html.erb (12.7ms)
  Rendered tasks/edit.html.erb within layouts/application (17.0ms)
Completed 200 OK in 54ms (Views: 48.5ms | ActiveRecord: 0.4ms)


Started PATCH "/tasks/1" for ::1 at 2017-01-12 14:00:03 +0100
Processing by TasksController#update as HTML
  Parameters: {"utf8"=>"✓", "authenticity_token"=>"mtoQ4Yo/rOe91nloywxb1n/QG2u+hZ/BkdI4PsoUOEv8rGw3eHOIkFvqq/HS7YpgpNA0XAylbS36Es0w20ReOw==", "task"=>{"title"=>"Être un bon dev' Rails", "description"=>"Et c'est pas gagné...", "text"=>"Ruby on Rails, également appelé RoR ou Rails, est un framework web libre écrit en Ruby. Il suit le motif de conception modèle-vue-contrôleur aussi nommé MVC. En tant que framework, il propose une structure au programmeur qui lui permet de développer plus vite et plus intuitivement. <br>Il ajoute aussi un grand niveau d'abstraction dans la programmation de l'application par un ensemble de fonctions de haut niveau qui lui offre ainsi l'économie d'écrire lui-même la plupart des routines obligatoires d'une application web.  Les deux principes fondamentaux de Rails à retenir à tout prix : - Ne vous répétez pas - Convention plutôt que configuration", "deadline(1i)"=>"2017", "deadline(2i)"=>"1", "deadline(3i)"=>"9", "deadline(4i)"=>"17", "deadline(5i)"=>"36", "priority"=>"1", "state"=>"0"}, "commit"=>"Update Task", "id"=>"1"}
  [1m[36mTask Load (0.5ms)[0m  [1m[34mSELECT  "tasks".* FROM "tasks" WHERE "tasks"."id" = $1 LIMIT $2[0m  [["id", 1], ["LIMIT", 1]]
Unpermitted parameter: state
  [1m[35m (0.1ms)[0m  [1m[35mBEGIN[0m
  [1m[35mSQL (0.5ms)[0m  [1m[33mUPDATE "tasks" SET "text" = $1, "updated_at" = $2 WHERE "tasks"."id" = $3[0m  [["text", "Ruby on Rails, également appelé RoR ou Rails, est un framework web libre écrit en Ruby. Il suit le motif de conception modèle-vue-contrôleur aussi nommé MVC. En tant que framework, il propose une structure au programmeur qui lui permet de développer plus vite et plus intuitivement. <br>Il ajoute aussi un grand niveau d'abstraction dans la programmation de l'application par un ensemble de fonctions de haut niveau qui lui offre ainsi l'économie d'écrire lui-même la plupart des routines obligatoires d'une application web.  Les deux principes fondamentaux de Rails à retenir à tout prix : - Ne vous répétez pas - Convention plutôt que configuration"], ["updated_at", 2017-01-12 13:00:03 UTC], ["id", 1]]
  [1m[35m (0.3ms)[0m  [1m[35mCOMMIT[0m
Redirected to http://localhost:3000/tasks/1
Completed 302 Found in 6ms (ActiveRecord: 1.4ms)


Started GET "/tasks/1" for ::1 at 2017-01-12 14:00:03 +0100
Processing by TasksController#show as HTML
  Parameters: {"id"=>"1"}
  [1m[36mTask Load (0.3ms)[0m  [1m[34mSELECT  "tasks".* FROM "tasks" WHERE "tasks"."id" = $1 LIMIT $2[0m  [["id", 1], ["LIMIT", 1]]
  Rendering tasks/show.html.erb within layouts/application
  Rendered tasks/show.html.erb within layouts/application (1.1ms)
Completed 200 OK in 21ms (Views: 18.8ms | ActiveRecord: 0.3ms)


Started GET "/tasks/1/edit" for ::1 at 2017-01-12 14:00:06 +0100
Processing by TasksController#edit as HTML
  Parameters: {"id"=>"1"}
  [1m[36mTask Load (0.3ms)[0m  [1m[34mSELECT  "tasks".* FROM "tasks" WHERE "tasks"."id" = $1 LIMIT $2[0m  [["id", 1], ["LIMIT", 1]]
  Rendering tasks/edit.html.erb within layouts/application
  Rendered tasks/_form.html.erb (10.0ms)
  Rendered tasks/edit.html.erb within layouts/application (13.4ms)
Completed 200 OK in 40ms (Views: 35.4ms | ActiveRecord: 0.3ms)


Started PATCH "/tasks/1" for ::1 at 2017-01-12 14:00:15 +0100
Processing by TasksController#update as HTML
  Parameters: {"utf8"=>"✓", "authenticity_token"=>"eIyQQiFitMmCt8KnLBODwDBuIS5my9VuyUG959UGrBEe+uyU0y6QvmSLED418lJ2624OGdTrJ4KigUjpxFbKYQ==", "task"=>{"title"=>"Être un bon dev' Rails", "description"=>"Et c'est pas gagné...", "text"=>"Ruby on Rails, également appelé RoR ou Rails, est un framework web libre écrit en Ruby. Il suit le motif de conception modèle-vue-contrôleur aussi nommé MVC. En tant que framework, il propose une structure au programmeur qui lui permet de développer plus vite et plus intuitivement. Il ajoute aussi un grand niveau d'abstraction dans la programmation de l'application par un ensemble de fonctions de haut niveau qui lui offre ainsi l'économie d'écrire lui-même la plupart des routines obligatoires d'une application web.  Les deux principes fondamentaux de Rails à retenir à tout prix : - Ne vous répétez pas - Convention plutôt que configuration", "deadline(1i)"=>"2017", "deadline(2i)"=>"1", "deadline(3i)"=>"9", "deadline(4i)"=>"17", "deadline(5i)"=>"36", "priority"=>"1", "state"=>"0"}, "commit"=>"Update Task", "id"=>"1"}
  [1m[36mTask Load (0.3ms)[0m  [1m[34mSELECT  "tasks".* FROM "tasks" WHERE "tasks"."id" = $1 LIMIT $2[0m  [["id", 1], ["LIMIT", 1]]
Unpermitted parameter: state
  [1m[35m (0.1ms)[0m  [1m[35mBEGIN[0m
  [1m[35mSQL (1.1ms)[0m  [1m[33mUPDATE "tasks" SET "text" = $1, "updated_at" = $2 WHERE "tasks"."id" = $3[0m  [["text", "Ruby on Rails, également appelé RoR ou Rails, est un framework web libre écrit en Ruby. Il suit le motif de conception modèle-vue-contrôleur aussi nommé MVC. En tant que framework, il propose une structure au programmeur qui lui permet de développer plus vite et plus intuitivement. Il ajoute aussi un grand niveau d'abstraction dans la programmation de l'application par un ensemble de fonctions de haut niveau qui lui offre ainsi l'économie d'écrire lui-même la plupart des routines obligatoires d'une application web.  Les deux principes fondamentaux de Rails à retenir à tout prix : - Ne vous répétez pas - Convention plutôt que configuration"], ["updated_at", 2017-01-12 13:00:15 UTC], ["id", 1]]
  [1m[35m (0.4ms)[0m  [1m[35mCOMMIT[0m
Redirected to http://localhost:3000/tasks/1
Completed 302 Found in 8ms (ActiveRecord: 1.9ms)


Started GET "/tasks/1" for ::1 at 2017-01-12 14:00:15 +0100
Processing by TasksController#show as HTML
  Parameters: {"id"=>"1"}
  [1m[36mTask Load (0.3ms)[0m  [1m[34mSELECT  "tasks".* FROM "tasks" WHERE "tasks"."id" = $1 LIMIT $2[0m  [["id", 1], ["LIMIT", 1]]
  Rendering tasks/show.html.erb within layouts/application
  Rendered tasks/show.html.erb within layouts/application (1.1ms)
Completed 200 OK in 26ms (Views: 23.8ms | ActiveRecord: 0.3ms)


Started GET "/tasks" for ::1 at 2017-01-12 14:00:17 +0100
Processing by TasksController#index as HTML
  Rendering tasks/index.html.erb within layouts/application
  [1m[36mTask Load (1.1ms)[0m  [1m[34mSELECT "tasks".* FROM "tasks"[0m
  Rendered tasks/index.html.erb within layouts/application (4.0ms)
Completed 200 OK in 41ms (Views: 35.9ms | ActiveRecord: 1.1ms)


Started GET "/tasks/new" for ::1 at 2017-01-12 14:00:19 +0100
Processing by TasksController#new as HTML
  Rendering tasks/new.html.erb within layouts/application
  Rendered tasks/_form.html.erb (8.9ms)
  Rendered tasks/new.html.erb within layouts/application (12.1ms)
Completed 200 OK in 36ms (Views: 31.2ms | ActiveRecord: 0.0ms)


Started POST "/tasks" for ::1 at 2017-01-12 14:02:36 +0100
Processing by TasksController#create as HTML
  Parameters: {"utf8"=>"✓", "authenticity_token"=>"BazanpLjQej5t3lCMWFK3R9+kT/aK4xnB65gNMa76lzy6B0NJ36pJ++Q/ArsRrblco5rDym0ID6D8G4RRilx0A==", "task"=>{"title"=>"Terminer mon CV", "description"=>"Enregistré en .psd", "text"=>"", "deadline(1i)"=>"2017", "deadline(2i)"=>"1", "deadline(3i)"=>"12", "deadline(4i)"=>"13", "deadline(5i)"=>"00", "priority"=>"", "state"=>"0"}, "commit"=>"Create Task"}
Unpermitted parameter: state
  [1m[35m (0.1ms)[0m  [1m[35mBEGIN[0m
  [1m[35mSQL (4.1ms)[0m  [1m[32mINSERT INTO "tasks" ("title", "description", "text", "deadline", "created_at", "updated_at") VALUES ($1, $2, $3, $4, $5, $6) RETURNING "id"[0m  [["title", "Terminer mon CV"], ["description", "Enregistré en .psd"], ["text", ""], ["deadline", 2017-01-12 13:00:00 UTC], ["created_at", 2017-01-12 13:02:36 UTC], ["updated_at", 2017-01-12 13:02:36 UTC]]
  [1m[35m (0.4ms)[0m  [1m[35mCOMMIT[0m
Redirected to http://localhost:3000/tasks/2
Completed 302 Found in 9ms (ActiveRecord: 4.6ms)


Started GET "/tasks/2" for ::1 at 2017-01-12 14:02:36 +0100
Processing by TasksController#show as HTML
  Parameters: {"id"=>"2"}
  [1m[36mTask Load (0.3ms)[0m  [1m[34mSELECT  "tasks".* FROM "tasks" WHERE "tasks"."id" = $1 LIMIT $2[0m  [["id", 2], ["LIMIT", 1]]
  Rendering tasks/show.html.erb within layouts/application
  Rendered tasks/show.html.erb within layouts/application (0.9ms)
Completed 200 OK in 28ms (Views: 25.0ms | ActiveRecord: 0.3ms)


Started GET "/tasks" for ::1 at 2017-01-12 14:02:38 +0100
Processing by TasksController#index as HTML
  Rendering tasks/index.html.erb within layouts/application
  [1m[36mTask Load (2.8ms)[0m  [1m[34mSELECT "tasks".* FROM "tasks"[0m
  Rendered tasks/index.html.erb within layouts/application (5.1ms)
Completed 200 OK in 31ms (Views: 23.1ms | ActiveRecord: 2.8ms)


Started GET "/tasks/1/edit" for ::1 at 2017-01-12 14:02:40 +0100
Processing by TasksController#edit as HTML
  Parameters: {"id"=>"1"}
  [1m[36mTask Load (1.4ms)[0m  [1m[34mSELECT  "tasks".* FROM "tasks" WHERE "tasks"."id" = $1 LIMIT $2[0m  [["id", 1], ["LIMIT", 1]]
  Rendering tasks/edit.html.erb within layouts/application
  Rendered tasks/_form.html.erb (7.1ms)
  Rendered tasks/edit.html.erb within layouts/application (10.8ms)
Completed 200 OK in 35ms (Views: 30.1ms | ActiveRecord: 1.4ms)


Started PATCH "/tasks/1" for ::1 at 2017-01-12 14:03:29 +0100
Processing by TasksController#update as HTML
  Parameters: {"utf8"=>"✓", "authenticity_token"=>"7SGCVorMPdE4+KthJNdP7mqGcjkzOIqJ2xg5Rs3BmRmLV/6AeIAZpt7Eefg9Np5YsYZdDoEYeGWw2MxI3JH/aQ==", "task"=>{"title"=>"Être un bon dev' Rails", "description"=>"Et c'est pas gagné...", "text"=>"Ruby on Rails, également appelé RoR ou Rails, est un framework web libre écrit en Ruby. Il suit le motif de conception modèle-vue-contrôleur aussi nommé MVC. En tant que framework, il propose une structure au programmeur qui lui permet de développer plus vite et plus intuitivement. Il ajoute aussi un grand niveau d'abstraction dans la programmation de l'application par un ensemble de fonctions de haut niveau qui lui offre ainsi l'économie d'écrire lui-même la plupart des routines obligatoires d'une application web.  Les deux principes fondamentaux de Rails à retenir à tout prix : - Ne vous répétez pas - Convention plutôt que configuration", "deadline(1i)"=>"2022", "deadline(2i)"=>"1", "deadline(3i)"=>"1", "deadline(4i)"=>"00", "deadline(5i)"=>"00", "priority"=>"1", "state"=>"0"}, "commit"=>"Update Task", "id"=>"1"}
  [1m[36mTask Load (0.3ms)[0m  [1m[34mSELECT  "tasks".* FROM "tasks" WHERE "tasks"."id" = $1 LIMIT $2[0m  [["id", 1], ["LIMIT", 1]]
Unpermitted parameter: state
  [1m[35m (0.8ms)[0m  [1m[35mBEGIN[0m
  [1m[35mSQL (0.7ms)[0m  [1m[33mUPDATE "tasks" SET "deadline" = $1, "updated_at" = $2 WHERE "tasks"."id" = $3[0m  [["deadline", 2022-01-01 00:00:00 UTC], ["updated_at", 2017-01-12 13:03:29 UTC], ["id", 1]]
  [1m[35m (1.3ms)[0m  [1m[35mCOMMIT[0m
Redirected to http://localhost:3000/tasks/1
Completed 302 Found in 9ms (ActiveRecord: 3.0ms)


Started GET "/tasks/1" for ::1 at 2017-01-12 14:03:29 +0100
Processing by TasksController#show as HTML
  Parameters: {"id"=>"1"}
  [1m[36mTask Load (0.6ms)[0m  [1m[34mSELECT  "tasks".* FROM "tasks" WHERE "tasks"."id" = $1 LIMIT $2[0m  [["id", 1], ["LIMIT", 1]]
  Rendering tasks/show.html.erb within layouts/application
  Rendered tasks/show.html.erb within layouts/application (0.8ms)
Completed 200 OK in 22ms (Views: 17.7ms | ActiveRecord: 0.6ms)


Started GET "/tasks" for ::1 at 2017-01-12 14:05:11 +0100
Processing by TasksController#index as HTML
  Rendering tasks/index.html.erb within layouts/application
  [1m[36mTask Load (0.9ms)[0m  [1m[34mSELECT "tasks".* FROM "tasks"[0m
  Rendered tasks/index.html.erb within layouts/application (4.1ms)
Completed 200 OK in 30ms (Views: 25.1ms | ActiveRecord: 0.9ms)


